Processing orders...
Client 1 purchased 13 shares of Equity 0 from Client 0 for $94/share
Median match price of Equity 0 at time 4 is $94
Client 1 purchased 5 shares of Equity 2 from Client 1 for $77/share
Median match price of Equity 0 at time 5 is $94
Median match price of Equity 2 at time 5 is $77
Median match price of Equity 0 at time 6 is $94
Median match price of Equity 2 at time 6 is $77
Median match price of Equity 0 at time 7 is $94
Median match price of Equity 2 at time 7 is $77
Client 0 purchased 18 shares of Equity 1 from Client 0 for $91/share
Median match price of Equity 0 at time 8 is $94
Median match price of Equity 1 at time 8 is $91
Median match price of Equity 2 at time 8 is $77
Client 1 purchased 2 shares of Equity 2 from Client 0 for $77/share
Median match price of Equity 0 at time 9 is $94
Median match price of Equity 1 at time 9 is $91
Median match price of Equity 2 at time 9 is $77
Median match price of Equity 0 at time 10 is $94
Median match price of Equity 1 at time 10 is $91
Median match price of Equity 2 at time 10 is $77
Client 0 purchased 4 shares of Equity 1 from Client 1 for $91/share
Median match price of Equity 0 at time 11 is $94
Median match price of Equity 1 at time 11 is $91
Median match price of Equity 2 at time 11 is $77
Median match price of Equity 0 at time 12 is $94
Median match price of Equity 1 at time 12 is $91
Median match price of Equity 2 at time 12 is $77
Median match price of Equity 0 at time 13 is $94
Median match price of Equity 1 at time 13 is $91
Median match price of Equity 2 at time 13 is $77
Median match price of Equity 0 at time 14 is $94
Median match price of Equity 1 at time 14 is $91
Median match price of Equity 2 at time 14 is $77
Client 1 purchased 1 shares of Equity 1 from Client 0 for $69/share
Median match price of Equity 0 at time 15 is $94
Median match price of Equity 1 at time 15 is $91
Median match price of Equity 2 at time 15 is $77
Client 0 purchased 8 shares of Equity 2 from Client 0 for $91/share
Median match price of Equity 0 at time 16 is $94
Median match price of Equity 1 at time 16 is $91
Median match price of Equity 2 at time 16 is $77
Median match price of Equity 0 at time 17 is $94
Median match price of Equity 1 at time 17 is $91
Median match price of Equity 2 at time 17 is $77
Client 0 purchased 36 shares of Equity 2 from Client 1 for $91/share
Median match price of Equity 0 at time 18 is $94
Median match price of Equity 1 at time 18 is $91
Median match price of Equity 2 at time 18 is $84
Median match price of Equity 0 at time 19 is $94
Median match price of Equity 1 at time 19 is $91
Median match price of Equity 2 at time 19 is $84
Median match price of Equity 0 at time 20 is $94
Median match price of Equity 1 at time 20 is $91
Median match price of Equity 2 at time 20 is $84
---End of Day---
Orders Processed: 8
---Client Info---
Client 0 bought 66 and sold 42 for a net transfer of $-2195
Client 1 bought 21 and sold 45 for a net transfer of $2195
---Time Travelers---
A time traveler would buy shares of Equity 0 at time: -1 and sell these shares at time: -1
A time traveler would buy shares of Equity 1 at time: 15 and sell these shares at time: 20
A time traveler would buy shares of Equity 2 at time: 9 and sell these shares at time: 14
